2024-10-19 18:44:31,156 - INFO - Starting project setup...
2024-10-19 18:44:31,157 - INFO - Starting full project scan and import path fix...
2024-10-19 18:44:31,157 - INFO - Scanning directories for Python modules...
2024-10-19 18:44:31,158 - INFO - Found module: list_manager -> C:\Users\dinorang\Desktop\bot\src\list_manager.py
2024-10-19 18:44:31,158 - INFO - Found module: __init__ -> C:\Users\dinorang\Desktop\bot\src\__init__.py
2024-10-19 18:44:31,159 - INFO - Found module: ai.ai_helpers -> C:\Users\dinorang\Desktop\bot\src\ai\ai_helpers.py
2024-10-19 18:44:31,159 - INFO - Found module: ai.ai_model -> C:\Users\dinorang\Desktop\bot\src\ai\ai_model.py
2024-10-19 18:44:31,160 - INFO - Found module: ai.reinforcement_learning_agent -> C:\Users\dinorang\Desktop\bot\src\ai\reinforcement_learning_agent.py
2024-10-19 18:44:31,160 - INFO - Found module: ai.strategies -> C:\Users\dinorang\Desktop\bot\src\ai\strategies.py
2024-10-19 18:44:31,160 - INFO - Found module: ai.__init__ -> C:\Users\dinorang\Desktop\bot\src\ai\__init__.py
2024-10-19 18:44:31,160 - INFO - Found module: ai.agents.q_learning_agent -> C:\Users\dinorang\Desktop\bot\src\ai\agents\q_learning_agent.py
2024-10-19 18:44:31,160 - INFO - Found module: ai.agents.reinforcement_agent -> C:\Users\dinorang\Desktop\bot\src\ai\agents\reinforcement_agent.py
2024-10-19 18:44:31,161 - INFO - Found module: ai.agents.rl_agent -> C:\Users\dinorang\Desktop\bot\src\ai\agents\rl_agent.py
2024-10-19 18:44:31,161 - INFO - Found module: ai.agents.__init__ -> C:\Users\dinorang\Desktop\bot\src\ai\agents\__init__.py
2024-10-19 18:44:31,162 - INFO - Found module: ai.models.arima_model -> C:\Users\dinorang\Desktop\bot\src\ai\models\arima_model.py
2024-10-19 18:44:31,162 - INFO - Found module: ai.models.dnn_model -> C:\Users\dinorang\Desktop\bot\src\ai\models\dnn_model.py
2024-10-19 18:44:31,162 - INFO - Found module: ai.models.lstm_model -> C:\Users\dinorang\Desktop\bot\src\ai\models\lstm_model.py
2024-10-19 18:44:31,162 - INFO - Found module: ai.models.sentiment_analysis -> C:\Users\dinorang\Desktop\bot\src\ai\models\sentiment_analysis.py
2024-10-19 18:44:31,162 - INFO - Found module: ai.models.trend_forcasting -> C:\Users\dinorang\Desktop\bot\src\ai\models\trend_forcasting.py
2024-10-19 18:44:31,163 - INFO - Found module: ai.models.__init__ -> C:\Users\dinorang\Desktop\bot\src\ai\models\__init__.py
2024-10-19 18:44:31,163 - INFO - Found module: api.blacklist_api -> C:\Users\dinorang\Desktop\bot\src\api\blacklist_api.py
2024-10-19 18:44:31,164 - INFO - Found module: api.dashboard_api -> C:\Users\dinorang\Desktop\bot\src\api\dashboard_api.py
2024-10-19 18:44:31,164 - INFO - Found module: api.__init__ -> C:\Users\dinorang\Desktop\bot\src\api\__init__.py
2024-10-19 18:44:31,164 - INFO - Found module: config.config -> C:\Users\dinorang\Desktop\bot\src\config\config.py
2024-10-19 18:44:31,164 - INFO - Found module: config.settings -> C:\Users\dinorang\Desktop\bot\src\config\settings.py
2024-10-19 18:44:31,166 - INFO - Found module: config.__init_init -> C:\Users\dinorang\Desktop\bot\src\config\__init_init.py
2024-10-19 18:44:31,166 - INFO - Found module: config.__init__ -> C:\Users\dinorang\Desktop\bot\src\config\__init__.py
2024-10-19 18:44:31,167 - INFO - Found module: data.historical_data_processor -> C:\Users\dinorang\Desktop\bot\src\data\historical_data_processor.py
2024-10-19 18:44:31,168 - INFO - Found module: data.real_time_data_collector -> C:\Users\dinorang\Desktop\bot\src\data\real_time_data_collector.py
2024-10-19 18:44:31,168 - INFO - Found module: data.__init__ -> C:\Users\dinorang\Desktop\bot\src\data\__init__.py
2024-10-19 18:44:31,169 - INFO - Found module: database.database_manager -> C:\Users\dinorang\Desktop\bot\src\database\database_manager.py
2024-10-19 18:44:31,169 - INFO - Found module: database.mysql_setup -> C:\Users\dinorang\Desktop\bot\src\database\mysql_setup.py
2024-10-19 18:44:31,169 - INFO - Found module: database.__init__ -> C:\Users\dinorang\Desktop\bot\src\database\__init__.py
2024-10-19 18:44:31,170 - INFO - Found module: flask_gui.app -> C:\Users\dinorang\Desktop\bot\src\flask_gui\app.py
2024-10-19 18:44:31,170 - INFO - Found module: flask_gui.auth -> C:\Users\dinorang\Desktop\bot\src\flask_gui\auth.py
2024-10-19 18:44:31,171 - INFO - Found module: flask_gui.frontend -> C:\Users\dinorang\Desktop\bot\src\flask_gui\frontend.py
2024-10-19 18:44:31,171 - INFO - Found module: flask_gui.greenlist_management -> C:\Users\dinorang\Desktop\bot\src\flask_gui\greenlist_management.py
2024-10-19 18:44:31,171 - INFO - Found module: flask_gui.gui -> C:\Users\dinorang\Desktop\bot\src\flask_gui\gui.py
2024-10-19 18:44:31,171 - INFO - Found module: flask_gui.__init__ -> C:\Users\dinorang\Desktop\bot\src\flask_gui\__init__.py
2024-10-19 18:44:31,172 - INFO - Found module: flask_gui.static.__init__ -> C:\Users\dinorang\Desktop\bot\src\flask_gui\static\__init__.py
2024-10-19 18:44:31,172 - INFO - Found module: flask_gui.templates.__init__ -> C:\Users\dinorang\Desktop\bot\src\flask_gui\templates\__init__.py
2024-10-19 18:44:31,173 - INFO - Found module: helper_bots.liquidity_monitor_bot -> C:\Users\dinorang\Desktop\bot\src\helper_bots\liquidity_monitor_bot.py
2024-10-19 18:44:31,174 - INFO - Found module: helper_bots.price_oracle_bot -> C:\Users\dinorang\Desktop\bot\src\helper_bots\price_oracle_bot.py
2024-10-19 18:44:31,174 - INFO - Found module: helper_bots.profit_reinvestment_bot -> C:\Users\dinorang\Desktop\bot\src\helper_bots\profit_reinvestment_bot.py
2024-10-19 18:44:31,174 - INFO - Found module: helper_bots.risk_management_bot -> C:\Users\dinorang\Desktop\bot\src\helper_bots\risk_management_bot.py
2024-10-19 18:44:31,174 - INFO - Found module: helper_bots.__init__ -> C:\Users\dinorang\Desktop\bot\src\helper_bots\__init__.py
2024-10-19 18:44:31,175 - INFO - Found module: logging.centralized_logger -> C:\Users\dinorang\Desktop\bot\src\logging\centralized_logger.py
2024-10-19 18:44:31,175 - INFO - Found module: logging.logger-config -> C:\Users\dinorang\Desktop\bot\src\logging\logger-config.py
2024-10-19 18:44:31,175 - INFO - Found module: logging.__init_init -> C:\Users\dinorang\Desktop\bot\src\logging\__init_init.py
2024-10-19 18:44:31,176 - INFO - Found module: logging.__init__ -> C:\Users\dinorang\Desktop\bot\src\logging\__init__.py
2024-10-19 18:44:31,177 - INFO - Found module: managers.arbitrage_manager -> C:\Users\dinorang\Desktop\bot\src\managers\arbitrage_manager.py
2024-10-19 18:44:31,177 - INFO - Found module: managers.multi_agent_manager -> C:\Users\dinorang\Desktop\bot\src\managers\multi_agent_manager.py
2024-10-19 18:44:31,177 - INFO - Found module: managers.risk_manager -> C:\Users\dinorang\Desktop\bot\src\managers\risk_manager.py
2024-10-19 18:44:31,177 - INFO - Found module: managers.strategy_manager -> C:\Users\dinorang\Desktop\bot\src\managers\strategy_manager.py
2024-10-19 18:44:31,178 - INFO - Found module: managers.transaction_manager -> C:\Users\dinorang\Desktop\bot\src\managers\transaction_manager.py
2024-10-19 18:44:31,178 - INFO - Found module: managers.wallet_manager -> C:\Users\dinorang\Desktop\bot\src\managers\wallet_manager.py
2024-10-19 18:44:31,178 - INFO - Found module: managers.__init__ -> C:\Users\dinorang\Desktop\bot\src\managers\__init__.py
2024-10-19 18:44:31,180 - INFO - Found module: monitoring.prometheus_config -> C:\Users\dinorang\Desktop\bot\src\monitoring\prometheus_config.py
2024-10-19 18:44:31,181 - INFO - Found module: monitoring.__init__ -> C:\Users\dinorang\Desktop\bot\src\monitoring\__init__.py
2024-10-19 18:44:31,181 - INFO - Found module: monitoring.__ini__ -> C:\Users\dinorang\Desktop\bot\src\monitoring\__ini__.py
2024-10-19 18:44:31,183 - INFO - Found module: reports.performance_reporter -> C:\Users\dinorang\Desktop\bot\src\reports\performance_reporter.py
2024-10-19 18:44:31,183 - INFO - Found module: reports.__init__ -> C:\Users\dinorang\Desktop\bot\src\reports\__init__.py
2024-10-19 18:44:31,183 - INFO - Found module: safety.block_finality -> C:\Users\dinorang\Desktop\bot\src\safety\block_finality.py
2024-10-19 18:44:31,185 - INFO - Found module: safety.block_timestamp -> C:\Users\dinorang\Desktop\bot\src\safety\block_timestamp.py
2024-10-19 18:44:31,185 - INFO - Found module: safety.circuit_breaker -> C:\Users\dinorang\Desktop\bot\src\safety\circuit_breaker.py
2024-10-19 18:44:31,185 - INFO - Found module: safety.poison_token_checker -> C:\Users\dinorang\Desktop\bot\src\safety\poison_token_checker.py
2024-10-19 18:44:31,185 - INFO - Found module: safety.reorg_detection -> C:\Users\dinorang\Desktop\bot\src\safety\reorg_detection.py
2024-10-19 18:44:31,185 - INFO - Found module: safety.safety_manager -> C:\Users\dinorang\Desktop\bot\src\safety\safety_manager.py
2024-10-19 18:44:31,186 - INFO - Found module: safety.__init_init -> C:\Users\dinorang\Desktop\bot\src\safety\__init_init.py
2024-10-19 18:44:31,186 - INFO - Found module: safety.__init__ -> C:\Users\dinorang\Desktop\bot\src\safety\__init__.py
2024-10-19 18:44:31,187 - INFO - Found module: strategies.arbitrage_bot -> C:\Users\dinorang\Desktop\bot\src\strategies\arbitrage_bot.py
2024-10-19 18:44:31,187 - INFO - Found module: strategies.assassin_bot -> C:\Users\dinorang\Desktop\bot\src\strategies\assassin_bot.py
2024-10-19 18:44:31,187 - INFO - Found module: strategies.cross_chain_arbitrage_bot -> C:\Users\dinorang\Desktop\bot\src\strategies\cross_chain_arbitrage_bot.py
2024-10-19 18:44:31,188 - INFO - Found module: strategies.enhanced_sandwich_attack_bot -> C:\Users\dinorang\Desktop\bot\src\strategies\enhanced_sandwich_attack_bot.py
2024-10-19 18:44:31,188 - INFO - Found module: strategies.flash_loan_arbitrage_bot -> C:\Users\dinorang\Desktop\bot\src\strategies\flash_loan_arbitrage_bot.py
2024-10-19 18:44:31,188 - INFO - Found module: strategies.front_running_bot -> C:\Users\dinorang\Desktop\bot\src\strategies\front_running_bot.py
2024-10-19 18:44:31,188 - INFO - Found module: strategies.latency_arbitrage_bot -> C:\Users\dinorang\Desktop\bot\src\strategies\latency_arbitrage_bot.py
2024-10-19 18:44:31,188 - INFO - Found module: strategies.liquidity_drain_bot -> C:\Users\dinorang\Desktop\bot\src\strategies\liquidity_drain_bot.py
2024-10-19 18:44:31,188 - INFO - Found module: strategies.liquidity_provision_arbitrage_bot -> C:\Users\dinorang\Desktop\bot\src\strategies\liquidity_provision_arbitrage_bot.py
2024-10-19 18:44:31,188 - INFO - Found module: strategies.market_impact_arbitrage_bot -> C:\Users\dinorang\Desktop\bot\src\strategies\market_impact_arbitrage_bot.py
2024-10-19 18:44:31,189 - INFO - Found module: strategies.market_maker_bot -> C:\Users\dinorang\Desktop\bot\src\strategies\market_maker_bot.py
2024-10-19 18:44:31,189 - INFO - Found module: strategies.multi_exchange_arbitrage_bot -> C:\Users\dinorang\Desktop\bot\src\strategies\multi_exchange_arbitrage_bot.py
2024-10-19 18:44:31,189 - INFO - Found module: strategies.revenge_bot -> C:\Users\dinorang\Desktop\bot\src\strategies\revenge_bot.py
2024-10-19 18:44:31,189 - INFO - Found module: strategies.sniper_bot -> C:\Users\dinorang\Desktop\bot\src\strategies\sniper_bot.py
2024-10-19 18:44:31,189 - INFO - Found module: strategies.statistical_arbitrage_bot -> C:\Users\dinorang\Desktop\bot\src\strategies\statistical_arbitrage_bot.py
2024-10-19 18:44:31,189 - INFO - Found module: strategies.triangle_arbitrage_bot -> C:\Users\dinorang\Desktop\bot\src\strategies\triangle_arbitrage_bot.py
2024-10-19 18:44:31,189 - INFO - Found module: strategies.__init__ -> C:\Users\dinorang\Desktop\bot\src\strategies\__init__.py
2024-10-19 18:44:31,190 - INFO - Found module: trading.trade_executor -> C:\Users\dinorang\Desktop\bot\src\trading\trade_executor.py
2024-10-19 18:44:31,190 - INFO - Found module: trading.__init__ -> C:\Users\dinorang\Desktop\bot\src\trading\__init__.py
2024-10-19 18:44:31,191 - INFO - Found module: utils.error_handler -> C:\Users\dinorang\Desktop\bot\src\utils\error_handler.py
2024-10-19 18:44:31,191 - INFO - Found module: utils.__init__ -> C:\Users\dinorang\Desktop\bot\src\utils\__init__.py
2024-10-19 18:44:31,192 - INFO - Module scan completed.
2024-10-19 18:44:31,192 - INFO - Starting to fix imports across the project...
2024-10-19 18:44:31,193 - INFO - Fixing imports in file: C:\Users\dinorang\Desktop\bot\src\list_manager.py
2024-10-19 18:44:31,194 - INFO - Fixing imports in file: C:\Users\dinorang\Desktop\bot\src\__init__.py
2024-10-19 18:44:31,195 - INFO - Fixing imports in file: C:\Users\dinorang\Desktop\bot\src\ai\ai_helpers.py
2024-10-19 18:44:31,196 - INFO - Fixing imports in file: C:\Users\dinorang\Desktop\bot\src\ai\ai_model.py
2024-10-19 18:44:31,197 - INFO - Fixing imports in file: C:\Users\dinorang\Desktop\bot\src\ai\reinforcement_learning_agent.py
2024-10-19 18:44:31,198 - INFO - Fixing imports in file: C:\Users\dinorang\Desktop\bot\src\ai\strategies.py
2024-10-19 18:44:31,199 - INFO - Fixing import: from trading.trade_executor import execute_trade -> from src.trading.trade_executor import execute_trade
2024-10-19 18:44:31,202 - INFO - Updated imports in C:\Users\dinorang\Desktop\bot\src\ai\strategies.py
2024-10-19 18:44:31,203 - INFO - Fixing imports in file: C:\Users\dinorang\Desktop\bot\src\ai\__init__.py
2024-10-19 18:44:31,203 - INFO - Fixing imports in file: C:\Users\dinorang\Desktop\bot\src\ai\agents\q_learning_agent.py
2024-10-19 18:44:31,205 - INFO - Fixing imports in file: C:\Users\dinorang\Desktop\bot\src\ai\agents\reinforcement_agent.py
2024-10-19 18:44:31,206 - INFO - Fixing import: from ai.ai_helpers import RLHelper  # AI Helper for optimizing reinforcement learning strategies -> from src.ai.ai_helpers import RLHelper  # AI Helper for optimizing reinforcement learning strategies
2024-10-19 18:44:31,210 - INFO - Updated imports in C:\Users\dinorang\Desktop\bot\src\ai\agents\reinforcement_agent.py
2024-10-19 18:44:31,210 - INFO - Fixing imports in file: C:\Users\dinorang\Desktop\bot\src\ai\agents\rl_agent.py
2024-10-19 18:44:31,210 - INFO - Fixing imports in file: C:\Users\dinorang\Desktop\bot\src\ai\agents\__init__.py
2024-10-19 18:44:31,212 - INFO - Fixing imports in file: C:\Users\dinorang\Desktop\bot\src\ai\models\arima_model.py
2024-10-19 18:44:31,213 - INFO - Fixing imports in file: C:\Users\dinorang\Desktop\bot\src\ai\models\dnn_model.py
2024-10-19 18:44:31,214 - INFO - Fixing import: from ai.ai_helpers import PredictionHelper -> from src.ai.ai_helpers import PredictionHelper
2024-10-19 18:44:31,217 - INFO - Updated imports in C:\Users\dinorang\Desktop\bot\src\ai\models\dnn_model.py
2024-10-19 18:44:31,218 - INFO - Fixing imports in file: C:\Users\dinorang\Desktop\bot\src\ai\models\lstm_model.py
2024-10-19 18:44:31,218 - INFO - Fixing import: from ai.ai_helpers import PredictionHelper  # AI Helper for enhancing prediction accuracy -> from src.ai.ai_helpers import PredictionHelper  # AI Helper for enhancing prediction accuracy
2024-10-19 18:44:31,221 - INFO - Updated imports in C:\Users\dinorang\Desktop\bot\src\ai\models\lstm_model.py
2024-10-19 18:44:31,221 - INFO - Fixing imports in file: C:\Users\dinorang\Desktop\bot\src\ai\models\sentiment_analysis.py
2024-10-19 18:44:31,222 - INFO - Fixing imports in file: C:\Users\dinorang\Desktop\bot\src\ai\models\trend_forcasting.py
2024-10-19 18:44:31,223 - INFO - Fixing imports in file: C:\Users\dinorang\Desktop\bot\src\ai\models\__init__.py
2024-10-19 18:44:31,224 - INFO - Fixing imports in file: C:\Users\dinorang\Desktop\bot\src\api\blacklist_api.py
2024-10-19 18:44:31,224 - INFO - Fixing imports in file: C:\Users\dinorang\Desktop\bot\src\api\dashboard_api.py
2024-10-19 18:44:31,225 - INFO - Fixing imports in file: C:\Users\dinorang\Desktop\bot\src\api\__init__.py
2024-10-19 18:44:31,225 - INFO - Fixing imports in file: C:\Users\dinorang\Desktop\bot\src\config\config.py
2024-10-19 18:44:31,226 - INFO - Fixing imports in file: C:\Users\dinorang\Desktop\bot\src\config\settings.py
2024-10-19 18:44:31,227 - INFO - Fixing imports in file: C:\Users\dinorang\Desktop\bot\src\config\__init_init.py
2024-10-19 18:44:31,227 - INFO - Fixing imports in file: C:\Users\dinorang\Desktop\bot\src\config\__init__.py
2024-10-19 18:44:31,228 - INFO - Fixing imports in file: C:\Users\dinorang\Desktop\bot\src\data\historical_data_processor.py
2024-10-19 18:44:31,229 - INFO - Fixing imports in file: C:\Users\dinorang\Desktop\bot\src\data\real_time_data_collector.py
2024-10-19 18:44:31,230 - INFO - Fixing imports in file: C:\Users\dinorang\Desktop\bot\src\data\__init__.py
2024-10-19 18:44:31,232 - INFO - Fixing imports in file: C:\Users\dinorang\Desktop\bot\src\database\database_manager.py
2024-10-19 18:44:31,233 - INFO - Fixing imports in file: C:\Users\dinorang\Desktop\bot\src\database\mysql_setup.py
2024-10-19 18:44:31,233 - INFO - Fixing imports in file: C:\Users\dinorang\Desktop\bot\src\database\__init__.py
2024-10-19 18:44:31,236 - INFO - Fixing imports in file: C:\Users\dinorang\Desktop\bot\src\flask_gui\app.py
2024-10-19 18:44:31,237 - INFO - Fixing imports in file: C:\Users\dinorang\Desktop\bot\src\flask_gui\auth.py
2024-10-19 18:44:31,237 - INFO - Fixing imports in file: C:\Users\dinorang\Desktop\bot\src\flask_gui\frontend.py
2024-10-19 18:44:31,238 - INFO - Fixing imports in file: C:\Users\dinorang\Desktop\bot\src\flask_gui\greenlist_management.py
2024-10-19 18:44:31,238 - INFO - Fixing imports in file: C:\Users\dinorang\Desktop\bot\src\flask_gui\gui.py
2024-10-19 18:44:31,239 - INFO - Fixing imports in file: C:\Users\dinorang\Desktop\bot\src\flask_gui\__init__.py
2024-10-19 18:44:31,240 - INFO - Fixing imports in file: C:\Users\dinorang\Desktop\bot\src\flask_gui\static\__init__.py
2024-10-19 18:44:31,241 - INFO - Fixing imports in file: C:\Users\dinorang\Desktop\bot\src\flask_gui\templates\__init__.py
2024-10-19 18:44:31,242 - INFO - Fixing imports in file: C:\Users\dinorang\Desktop\bot\src\helper_bots\liquidity_monitor_bot.py
2024-10-19 18:44:31,243 - INFO - Fixing imports in file: C:\Users\dinorang\Desktop\bot\src\helper_bots\price_oracle_bot.py
2024-10-19 18:44:31,243 - INFO - Fixing imports in file: C:\Users\dinorang\Desktop\bot\src\helper_bots\profit_reinvestment_bot.py
2024-10-19 18:44:31,244 - INFO - Fixing imports in file: C:\Users\dinorang\Desktop\bot\src\helper_bots\risk_management_bot.py
2024-10-19 18:44:31,244 - INFO - Fixing imports in file: C:\Users\dinorang\Desktop\bot\src\helper_bots\__init__.py
2024-10-19 18:44:31,246 - INFO - Fixing imports in file: C:\Users\dinorang\Desktop\bot\src\logging\centralized_logger.py
2024-10-19 18:44:31,247 - INFO - Fixing import: from utils.error_handler import handle_errors -> from src.utils.error_handler import handle_errors
2024-10-19 18:44:31,250 - INFO - Updated imports in C:\Users\dinorang\Desktop\bot\src\logging\centralized_logger.py
2024-10-19 18:44:31,251 - INFO - Fixing imports in file: C:\Users\dinorang\Desktop\bot\src\logging\logger-config.py
2024-10-19 18:44:31,251 - INFO - Fixing imports in file: C:\Users\dinorang\Desktop\bot\src\logging\__init_init.py
2024-10-19 18:44:31,252 - INFO - Fixing imports in file: C:\Users\dinorang\Desktop\bot\src\logging\__init__.py
2024-10-19 18:44:31,253 - INFO - Fixing imports in file: C:\Users\dinorang\Desktop\bot\src\managers\arbitrage_manager.py
2024-10-19 18:44:31,254 - INFO - Fixing import: from safety.safety_manager import SafetyManager -> from src.safety.safety_manager import SafetyManager
2024-10-19 18:44:31,254 - INFO - Fixing import: from list_manager import ListManager -> from src.list_manager import ListManager
2024-10-19 18:44:31,254 - INFO - Fixing import: from utils.error_handler import handle_errors -> from src.utils.error_handler import handle_errors
2024-10-19 18:44:31,256 - INFO - Updated imports in C:\Users\dinorang\Desktop\bot\src\managers\arbitrage_manager.py
2024-10-19 18:44:31,257 - INFO - Fixing imports in file: C:\Users\dinorang\Desktop\bot\src\managers\multi_agent_manager.py
2024-10-19 18:44:31,257 - INFO - Fixing imports in file: C:\Users\dinorang\Desktop\bot\src\managers\risk_manager.py
2024-10-19 18:44:31,258 - INFO - Fixing import: from safety.circuit_breaker import CircuitBreaker -> from src.safety.circuit_breaker import CircuitBreaker
2024-10-19 18:44:31,258 - INFO - Fixing import: from safety.reorg_detection import ReorgDetection -> from src.safety.reorg_detection import ReorgDetection
2024-10-19 18:44:31,258 - INFO - Fixing import: from utils.error_handler import handle_errors -> from src.utils.error_handler import handle_errors
2024-10-19 18:44:31,261 - INFO - Updated imports in C:\Users\dinorang\Desktop\bot\src\managers\risk_manager.py
2024-10-19 18:44:31,261 - INFO - Fixing imports in file: C:\Users\dinorang\Desktop\bot\src\managers\strategy_manager.py
2024-10-19 18:44:31,262 - INFO - Fixing import: from utils.error_handler import handle_errors -> from src.utils.error_handler import handle_errors
2024-10-19 18:44:31,266 - INFO - Updated imports in C:\Users\dinorang\Desktop\bot\src\managers\strategy_manager.py
2024-10-19 18:44:31,266 - INFO - Fixing imports in file: C:\Users\dinorang\Desktop\bot\src\managers\transaction_manager.py
2024-10-19 18:44:31,267 - INFO - Fixing import: from utils.error_handler import handle_errors -> from src.utils.error_handler import handle_errors
2024-10-19 18:44:31,270 - INFO - Updated imports in C:\Users\dinorang\Desktop\bot\src\managers\transaction_manager.py
2024-10-19 18:44:31,270 - INFO - Fixing imports in file: C:\Users\dinorang\Desktop\bot\src\managers\wallet_manager.py
2024-10-19 18:44:31,271 - INFO - Fixing import: from utils.error_handler import handle_errors -> from src.utils.error_handler import handle_errors
2024-10-19 18:44:31,273 - INFO - Updated imports in C:\Users\dinorang\Desktop\bot\src\managers\wallet_manager.py
2024-10-19 18:44:31,273 - INFO - Fixing imports in file: C:\Users\dinorang\Desktop\bot\src\managers\__init__.py
2024-10-19 18:44:31,274 - INFO - Fixing imports in file: C:\Users\dinorang\Desktop\bot\src\monitoring\prometheus_config.py
2024-10-19 18:44:31,275 - INFO - Fixing imports in file: C:\Users\dinorang\Desktop\bot\src\monitoring\__init__.py
2024-10-19 18:44:31,275 - INFO - Fixing imports in file: C:\Users\dinorang\Desktop\bot\src\monitoring\__ini__.py
2024-10-19 18:44:31,276 - INFO - Fixing imports in file: C:\Users\dinorang\Desktop\bot\src\reports\performance_reporter.py
2024-10-19 18:44:31,277 - INFO - Fixing imports in file: C:\Users\dinorang\Desktop\bot\src\reports\__init__.py
2024-10-19 18:44:31,278 - INFO - Fixing imports in file: C:\Users\dinorang\Desktop\bot\src\safety\block_finality.py
2024-10-19 18:44:31,279 - INFO - Fixing imports in file: C:\Users\dinorang\Desktop\bot\src\safety\block_timestamp.py
2024-10-19 18:44:31,280 - INFO - Fixing imports in file: C:\Users\dinorang\Desktop\bot\src\safety\circuit_breaker.py
2024-10-19 18:44:31,281 - INFO - Fixing imports in file: C:\Users\dinorang\Desktop\bot\src\safety\poison_token_checker.py
2024-10-19 18:44:31,282 - INFO - Fixing import: from ai.ai_helpers import TokenSafetyHelper  # AI Helper for dynamic token safety checks -> from src.ai.ai_helpers import TokenSafetyHelper  # AI Helper for dynamic token safety checks
2024-10-19 18:44:31,286 - INFO - Updated imports in C:\Users\dinorang\Desktop\bot\src\safety\poison_token_checker.py
2024-10-19 18:44:31,286 - INFO - Fixing imports in file: C:\Users\dinorang\Desktop\bot\src\safety\reorg_detection.py
2024-10-19 18:44:31,287 - INFO - Fixing imports in file: C:\Users\dinorang\Desktop\bot\src\safety\safety_manager.py
2024-10-19 18:44:31,287 - INFO - Fixing imports in file: C:\Users\dinorang\Desktop\bot\src\safety\__init_init.py
2024-10-19 18:44:31,288 - INFO - Fixing imports in file: C:\Users\dinorang\Desktop\bot\src\safety\__init__.py
2024-10-19 18:44:31,289 - INFO - Fixing imports in file: C:\Users\dinorang\Desktop\bot\src\strategies\arbitrage_bot.py
2024-10-19 18:44:31,291 - INFO - Fixing import: from managers.transaction_manager import TransactionManager -> from src.managers.transaction_manager import TransactionManager
2024-10-19 18:44:31,291 - INFO - Fixing import: from managers.risk_manager import RiskManager -> from src.managers.risk_manager import RiskManager
2024-10-19 18:44:31,291 - INFO - Fixing import: from utils.error_handler import handle_errors -> from src.utils.error_handler import handle_errors
2024-10-19 18:44:31,295 - INFO - Updated imports in C:\Users\dinorang\Desktop\bot\src\strategies\arbitrage_bot.py
2024-10-19 18:44:31,295 - INFO - Fixing imports in file: C:\Users\dinorang\Desktop\bot\src\strategies\assassin_bot.py
2024-10-19 18:44:31,296 - INFO - Fixing import: from managers.transaction_manager import TransactionManager -> from src.managers.transaction_manager import TransactionManager
2024-10-19 18:44:31,296 - INFO - Fixing import: from managers.risk_manager import RiskManager -> from src.managers.risk_manager import RiskManager
2024-10-19 18:44:31,297 - INFO - Fixing import: from utils.error_handler import handle_errors -> from src.utils.error_handler import handle_errors
2024-10-19 18:44:31,299 - INFO - Updated imports in C:\Users\dinorang\Desktop\bot\src\strategies\assassin_bot.py
2024-10-19 18:44:31,300 - INFO - Fixing imports in file: C:\Users\dinorang\Desktop\bot\src\strategies\cross_chain_arbitrage_bot.py
2024-10-19 18:44:31,300 - INFO - Fixing import: from managers.transaction_manager import TransactionManager -> from src.managers.transaction_manager import TransactionManager
2024-10-19 18:44:31,301 - INFO - Fixing import: from managers.risk_manager import RiskManager -> from src.managers.risk_manager import RiskManager
2024-10-19 18:44:31,301 - INFO - Fixing import: from utils.error_handler import handle_errors -> from src.utils.error_handler import handle_errors
2024-10-19 18:44:31,303 - INFO - Updated imports in C:\Users\dinorang\Desktop\bot\src\strategies\cross_chain_arbitrage_bot.py
2024-10-19 18:44:31,303 - INFO - Fixing imports in file: C:\Users\dinorang\Desktop\bot\src\strategies\enhanced_sandwich_attack_bot.py
2024-10-19 18:44:31,305 - INFO - Fixing import: from managers.transaction_manager import TransactionManager -> from src.managers.transaction_manager import TransactionManager
2024-10-19 18:44:31,305 - INFO - Fixing import: from managers.risk_manager import RiskManager -> from src.managers.risk_manager import RiskManager
2024-10-19 18:44:31,305 - INFO - Fixing import: from utils.error_handler import handle_errors -> from src.utils.error_handler import handle_errors
2024-10-19 18:44:31,309 - INFO - Updated imports in C:\Users\dinorang\Desktop\bot\src\strategies\enhanced_sandwich_attack_bot.py
2024-10-19 18:44:31,309 - INFO - Fixing imports in file: C:\Users\dinorang\Desktop\bot\src\strategies\flash_loan_arbitrage_bot.py
2024-10-19 18:44:31,310 - INFO - Fixing import: from managers.transaction_manager import TransactionManager -> from src.managers.transaction_manager import TransactionManager
2024-10-19 18:44:31,310 - INFO - Fixing import: from managers.risk_manager import RiskManager -> from src.managers.risk_manager import RiskManager
2024-10-19 18:44:31,310 - INFO - Fixing import: from utils.error_handler import handle_errors -> from src.utils.error_handler import handle_errors
2024-10-19 18:44:31,313 - INFO - Updated imports in C:\Users\dinorang\Desktop\bot\src\strategies\flash_loan_arbitrage_bot.py
2024-10-19 18:44:31,314 - INFO - Fixing imports in file: C:\Users\dinorang\Desktop\bot\src\strategies\front_running_bot.py
2024-10-19 18:44:31,315 - INFO - Fixing import: from managers.transaction_manager import TransactionManager -> from src.managers.transaction_manager import TransactionManager
2024-10-19 18:44:31,315 - INFO - Fixing import: from managers.risk_manager import RiskManager -> from src.managers.risk_manager import RiskManager
2024-10-19 18:44:31,315 - INFO - Fixing import: from utils.error_handler import handle_errors -> from src.utils.error_handler import handle_errors
2024-10-19 18:44:31,318 - INFO - Updated imports in C:\Users\dinorang\Desktop\bot\src\strategies\front_running_bot.py
2024-10-19 18:44:31,319 - INFO - Fixing imports in file: C:\Users\dinorang\Desktop\bot\src\strategies\latency_arbitrage_bot.py
2024-10-19 18:44:31,320 - INFO - Fixing import: from managers.transaction_manager import TransactionManager -> from src.managers.transaction_manager import TransactionManager
2024-10-19 18:44:31,320 - INFO - Fixing import: from managers.risk_manager import RiskManager -> from src.managers.risk_manager import RiskManager
2024-10-19 18:44:31,320 - INFO - Fixing import: from utils.error_handler import handle_errors -> from src.utils.error_handler import handle_errors
2024-10-19 18:44:31,324 - INFO - Updated imports in C:\Users\dinorang\Desktop\bot\src\strategies\latency_arbitrage_bot.py
2024-10-19 18:44:31,324 - INFO - Fixing imports in file: C:\Users\dinorang\Desktop\bot\src\strategies\liquidity_drain_bot.py
2024-10-19 18:44:31,325 - INFO - Fixing import: from managers.transaction_manager import TransactionManager -> from src.managers.transaction_manager import TransactionManager
2024-10-19 18:44:31,325 - INFO - Fixing import: from managers.risk_manager import RiskManager -> from src.managers.risk_manager import RiskManager
2024-10-19 18:44:31,325 - INFO - Fixing import: from utils.error_handler import handle_errors -> from src.utils.error_handler import handle_errors
2024-10-19 18:44:31,329 - INFO - Updated imports in C:\Users\dinorang\Desktop\bot\src\strategies\liquidity_drain_bot.py
2024-10-19 18:44:31,330 - INFO - Fixing imports in file: C:\Users\dinorang\Desktop\bot\src\strategies\liquidity_provision_arbitrage_bot.py
2024-10-19 18:44:31,330 - INFO - Fixing import: from managers.transaction_manager import TransactionManager -> from src.managers.transaction_manager import TransactionManager
2024-10-19 18:44:31,331 - INFO - Fixing import: from managers.risk_manager import RiskManager -> from src.managers.risk_manager import RiskManager
2024-10-19 18:44:31,331 - INFO - Fixing import: from utils.error_handler import handle_errors -> from src.utils.error_handler import handle_errors
2024-10-19 18:44:31,336 - INFO - Updated imports in C:\Users\dinorang\Desktop\bot\src\strategies\liquidity_provision_arbitrage_bot.py
2024-10-19 18:44:31,337 - INFO - Fixing imports in file: C:\Users\dinorang\Desktop\bot\src\strategies\market_impact_arbitrage_bot.py
2024-10-19 18:44:31,338 - INFO - Fixing import: from managers.transaction_manager import TransactionManager -> from src.managers.transaction_manager import TransactionManager
2024-10-19 18:44:31,338 - INFO - Fixing import: from managers.risk_manager import RiskManager -> from src.managers.risk_manager import RiskManager
2024-10-19 18:44:31,338 - INFO - Fixing import: from utils.error_handler import handle_errors -> from src.utils.error_handler import handle_errors
2024-10-19 18:44:31,344 - INFO - Updated imports in C:\Users\dinorang\Desktop\bot\src\strategies\market_impact_arbitrage_bot.py
2024-10-19 18:44:31,344 - INFO - Fixing imports in file: C:\Users\dinorang\Desktop\bot\src\strategies\market_maker_bot.py
2024-10-19 18:44:31,345 - INFO - Fixing import: from managers.transaction_manager import TransactionManager -> from src.managers.transaction_manager import TransactionManager
2024-10-19 18:44:31,346 - INFO - Fixing import: from managers.risk_manager import RiskManager -> from src.managers.risk_manager import RiskManager
2024-10-19 18:44:31,346 - INFO - Fixing import: from utils.error_handler import handle_errors -> from src.utils.error_handler import handle_errors
2024-10-19 18:44:31,354 - INFO - Updated imports in C:\Users\dinorang\Desktop\bot\src\strategies\market_maker_bot.py
2024-10-19 18:44:31,354 - INFO - Fixing imports in file: C:\Users\dinorang\Desktop\bot\src\strategies\multi_exchange_arbitrage_bot.py
2024-10-19 18:44:31,356 - INFO - Fixing import: from managers.transaction_manager import TransactionManager -> from src.managers.transaction_manager import TransactionManager
2024-10-19 18:44:31,356 - INFO - Fixing import: from managers.risk_manager import RiskManager -> from src.managers.risk_manager import RiskManager
2024-10-19 18:44:31,356 - INFO - Fixing import: from utils.error_handler import handle_errors -> from src.utils.error_handler import handle_errors
2024-10-19 18:44:31,360 - INFO - Updated imports in C:\Users\dinorang\Desktop\bot\src\strategies\multi_exchange_arbitrage_bot.py
2024-10-19 18:44:31,360 - INFO - Fixing imports in file: C:\Users\dinorang\Desktop\bot\src\strategies\revenge_bot.py
2024-10-19 18:44:31,363 - INFO - Fixing import: from managers.transaction_manager import TransactionManager -> from src.managers.transaction_manager import TransactionManager
2024-10-19 18:44:31,363 - INFO - Fixing import: from managers.risk_manager import RiskManager -> from src.managers.risk_manager import RiskManager
2024-10-19 18:44:31,363 - INFO - Fixing import: from utils.error_handler import handle_errors -> from src.utils.error_handler import handle_errors
2024-10-19 18:44:31,367 - INFO - Updated imports in C:\Users\dinorang\Desktop\bot\src\strategies\revenge_bot.py
2024-10-19 18:44:31,368 - INFO - Fixing imports in file: C:\Users\dinorang\Desktop\bot\src\strategies\sniper_bot.py
2024-10-19 18:44:31,368 - INFO - Fixing import: from managers.transaction_manager import TransactionManager -> from src.managers.transaction_manager import TransactionManager
2024-10-19 18:44:31,369 - INFO - Fixing import: from managers.risk_manager import RiskManager -> from src.managers.risk_manager import RiskManager
2024-10-19 18:44:31,369 - INFO - Fixing import: from utils.error_handler import handle_errors -> from src.utils.error_handler import handle_errors
2024-10-19 18:44:31,372 - INFO - Updated imports in C:\Users\dinorang\Desktop\bot\src\strategies\sniper_bot.py
2024-10-19 18:44:31,373 - INFO - Fixing imports in file: C:\Users\dinorang\Desktop\bot\src\strategies\statistical_arbitrage_bot.py
2024-10-19 18:44:31,373 - INFO - Fixing import: from managers.transaction_manager import TransactionManager -> from src.managers.transaction_manager import TransactionManager
2024-10-19 18:44:31,373 - INFO - Fixing import: from managers.risk_manager import RiskManager -> from src.managers.risk_manager import RiskManager
2024-10-19 18:44:31,373 - INFO - Fixing import: from utils.error_handler import handle_errors -> from src.utils.error_handler import handle_errors
2024-10-19 18:44:31,377 - INFO - Updated imports in C:\Users\dinorang\Desktop\bot\src\strategies\statistical_arbitrage_bot.py
2024-10-19 18:44:31,377 - INFO - Fixing imports in file: C:\Users\dinorang\Desktop\bot\src\strategies\triangle_arbitrage_bot.py
2024-10-19 18:44:31,379 - INFO - Fixing import: from managers.transaction_manager import TransactionManager -> from src.managers.transaction_manager import TransactionManager
2024-10-19 18:44:31,379 - INFO - Fixing import: from managers.risk_manager import RiskManager -> from src.managers.risk_manager import RiskManager
2024-10-19 18:44:31,379 - INFO - Fixing import: from utils.error_handler import handle_errors -> from src.utils.error_handler import handle_errors
2024-10-19 18:44:31,383 - INFO - Updated imports in C:\Users\dinorang\Desktop\bot\src\strategies\triangle_arbitrage_bot.py
2024-10-19 18:44:31,384 - INFO - Fixing imports in file: C:\Users\dinorang\Desktop\bot\src\strategies\__init__.py
2024-10-19 18:44:31,386 - INFO - Fixing imports in file: C:\Users\dinorang\Desktop\bot\src\trading\trade_executor.py
2024-10-19 18:44:31,386 - INFO - Fixing imports in file: C:\Users\dinorang\Desktop\bot\src\trading\__init__.py
2024-10-19 18:44:31,388 - INFO - Fixing imports in file: C:\Users\dinorang\Desktop\bot\src\utils\error_handler.py
2024-10-19 18:44:31,389 - INFO - Fixing imports in file: C:\Users\dinorang\Desktop\bot\src\utils\__init__.py
2024-10-19 18:44:31,389 - INFO - Finished fixing imports.
2024-10-19 18:44:31,390 - INFO - Installing dependencies from requirements.txt...
2024-10-19 18:48:33,425 - ERROR - Error installing requirements: Command '['C:\\Users\\dinorang\\AppData\\Local\\Microsoft\\WindowsApps\\PythonSoftwareFoundation.Python.3.11_qbz5n2kfra8p0\\python.exe', '-m', 'pip', 'install', '-r', 'C:\\Users\\dinorang\\Desktop\\bot\\requirements.txt']' returned non-zero exit status 1.
2024-10-19 18:48:33,426 - INFO - Installing OS-specific dependencies...
2024-10-19 18:48:33,426 - WARNING - Windows-specific dependency installation not included, please install manually if needed.
2024-10-19 18:48:33,426 - INFO - Installing MySQL and setting up the database...
2024-10-19 18:48:33,426 - WARNING - Please install MySQL manually on Windows.
2024-10-19 18:48:33,426 - INFO - Running MySQL setup script: C:\Users\dinorang\Desktop\bot\src\database\mysql_setup.py
2024-10-19 18:48:33,636 - ERROR - Error during MySQL setup: Command '['C:\\Users\\dinorang\\AppData\\Local\\Microsoft\\WindowsApps\\PythonSoftwareFoundation.Python.3.11_qbz5n2kfra8p0\\python.exe', 'C:\\Users\\dinorang\\Desktop\\bot\\src\\database\\mysql_setup.py']' returned non-zero exit status 1.
2024-10-19 18:48:33,637 - INFO - Verifying environment setup...
2024-10-19 18:48:33,637 - INFO - .env file loaded successfully. MYSQL_HOST: localhost
2024-10-19 18:48:33,639 - ERROR - Missing package: No module named 'mysql'
2024-10-19 18:48:33,639 - INFO - Process completed. Please check the log for details.
