2024-10-19 19:15:28,802 - INFO - Starting TensorFlow setup process...
2024-10-19 19:15:28,803 - INFO - Creating virtual environment 'tensorflow-env'...
2024-10-19 19:15:28,803 - INFO - Running command: C:\Users\dinorang\AppData\Local\Microsoft\WindowsApps\PythonSoftwareFoundation.Python.3.11_qbz5n2kfra8p0\python.exe -m venv tensorflow-env
2024-10-19 19:16:51,754 - INFO - 
2024-10-19 19:16:51,755 - INFO - Activating virtual environment 'tensorflow-env'...
2024-10-19 19:16:51,755 - INFO - Installing TensorFlow (CPU version)...
2024-10-19 19:16:51,757 - INFO - Running command: pip install --upgrade tensorflow
2024-10-19 19:17:21,054 - ERROR - Error running command: pip install --upgrade tensorflow
ERROR: Could not install packages due to an OSError: [Errno 2] No such file or directory: 'C:\\Users\\dinorang\\AppData\\Local\\Packages\\PythonSoftwareFoundation.Python.3.11_qbz5n2kfra8p0\\LocalCache\\local-packages\\Python311\\site-packages\\tensorflow\\include\\external\\com_github_grpc_grpc\\src\\core\\ext\\filters\\client_channel\\lb_policy\\grpclb\\client_load_reporting_filter.h'
HINT: This error might have occurred since this system does not have Windows Long Path support enabled. You can find information on how to enable this at https://pip.pypa.io/warnings/enable-long-paths


2024-10-19 19:17:22,634 - ERROR - TensorFlow installation failed: No module named 'tensorflow.python'
2024-10-19 19:29:24,620 - INFO - Starting TensorFlow setup process...
2024-10-19 19:29:24,620 - INFO - Virtual environment 'tensorflow-env' already exists. Skipping creation.
2024-10-19 19:29:24,622 - INFO - Activating virtual environment 'tensorflow-env'...
2024-10-19 19:29:24,622 - INFO - Installing TensorFlow (CPU version)...
2024-10-19 19:29:24,622 - INFO - Running command: pip install --upgrade tensorflow
2024-10-19 19:29:35,260 - ERROR - Error running command: pip install --upgrade tensorflow
ERROR: Could not install packages due to an OSError: [Errno 2] No such file or directory: 'C:\\Users\\dinorang\\AppData\\Local\\Packages\\PythonSoftwareFoundation.Python.3.11_qbz5n2kfra8p0\\LocalCache\\local-packages\\Python311\\site-packages\\tensorflow\\include\\external\\com_github_grpc_grpc\\src\\core\\ext\\filters\\client_channel\\lb_policy\\grpclb\\client_load_reporting_filter.h'
HINT: This error might have occurred since this system does not have Windows Long Path support enabled. You can find information on how to enable this at https://pip.pypa.io/warnings/enable-long-paths


2024-10-19 19:29:36,386 - ERROR - TensorFlow installation failed: No module named 'tensorflow.python'
2024-10-19 20:48:40,113 - INFO - Starting TensorFlow setup process...
2024-10-19 20:48:40,114 - INFO - Virtual environment 'tensorflow-env' already exists. Skipping creation.
2024-10-19 20:48:40,114 - INFO - Activating virtual environment 'tensorflow-env'...
2024-10-19 20:48:40,114 - INFO - Installing TensorFlow (CPU version)...
2024-10-19 20:48:40,114 - INFO - Running command: pip install --upgrade tensorflow
2024-10-19 20:49:38,241 - INFO - Collecting tensorflow
  Using cached tensorflow-2.17.0-cp311-cp311-win_amd64.whl.metadata (3.2 kB)
Collecting tensorflow-intel==2.17.0 (from tensorflow)
  Using cached tensorflow_intel-2.17.0-cp311-cp311-win_amd64.whl.metadata (5.0 kB)
Requirement already satisfied: absl-py>=1.0.0 in c:\users\dinorang\appdata\local\packages\pythonsoftwarefoundation.python.3.11_qbz5n2kfra8p0\localcache\local-packages\python311\site-packages (from tensorflow-intel==2.17.0->tensorflow) (2.1.0)
Requirement already satisfied: astunparse>=1.6.0 in c:\users\dinorang\appdata\local\packages\pythonsoftwarefoundation.python.3.11_qbz5n2kfra8p0\localcache\local-packages\python311\site-packages (from tensorflow-intel==2.17.0->tensorflow) (1.6.3)
Requirement already satisfied: flatbuffers>=24.3.25 in c:\users\dinorang\appdata\local\packages\pythonsoftwarefoundation.python.3.11_qbz5n2kfra8p0\localcache\local-packages\python311\site-packages (from tensorflow-intel==2.17.0->tensorflow) (24.3.25)
Requirement already satisfied: gast!=0.5.0,!=0.5.1,!=0.5.2,>=0.2.1 in c:\users\dinorang\appdata\local\packages\pythonsoftwarefoundation.python.3.11_qbz5n2kfra8p0\localcache\local-packages\python311\site-packages (from tensorflow-intel==2.17.0->tensorflow) (0.6.0)
Requirement already satisfied: google-pasta>=0.1.1 in c:\users\dinorang\appdata\local\packages\pythonsoftwarefoundation.python.3.11_qbz5n2kfra8p0\localcache\local-packages\python311\site-packages (from tensorflow-intel==2.17.0->tensorflow) (0.2.0)
Requirement already satisfied: h5py>=3.10.0 in c:\users\dinorang\appdata\local\packages\pythonsoftwarefoundation.python.3.11_qbz5n2kfra8p0\localcache\local-packages\python311\site-packages (from tensorflow-intel==2.17.0->tensorflow) (3.12.1)
Requirement already satisfied: libclang>=13.0.0 in c:\users\dinorang\appdata\local\packages\pythonsoftwarefoundation.python.3.11_qbz5n2kfra8p0\localcache\local-packages\python311\site-packages (from tensorflow-intel==2.17.0->tensorflow) (18.1.1)
Requirement already satisfied: ml-dtypes<0.5.0,>=0.3.1 in c:\users\dinorang\appdata\local\packages\pythonsoftwarefoundation.python.3.11_qbz5n2kfra8p0\localcache\local-packages\python311\site-packages (from tensorflow-intel==2.17.0->tensorflow) (0.4.1)
Requirement already satisfied: opt-einsum>=2.3.2 in c:\users\dinorang\appdata\local\packages\pythonsoftwarefoundation.python.3.11_qbz5n2kfra8p0\localcache\local-packages\python311\site-packages (from tensorflow-intel==2.17.0->tensorflow) (3.4.0)
Requirement already satisfied: packaging in c:\users\dinorang\appdata\local\packages\pythonsoftwarefoundation.python.3.11_qbz5n2kfra8p0\localcache\local-packages\python311\site-packages (from tensorflow-intel==2.17.0->tensorflow) (24.1)
Requirement already satisfied: protobuf!=4.21.0,!=4.21.1,!=4.21.2,!=4.21.3,!=4.21.4,!=4.21.5,<5.0.0dev,>=3.20.3 in c:\users\dinorang\appdata\local\packages\pythonsoftwarefoundation.python.3.11_qbz5n2kfra8p0\localcache\local-packages\python311\site-packages (from tensorflow-intel==2.17.0->tensorflow) (4.25.5)
Requirement already satisfied: requests<3,>=2.21.0 in c:\users\dinorang\appdata\local\packages\pythonsoftwarefoundation.python.3.11_qbz5n2kfra8p0\localcache\local-packages\python311\site-packages (from tensorflow-intel==2.17.0->tensorflow) (2.32.3)
Requirement already satisfied: setuptools in c:\program files\windowsapps\pythonsoftwarefoundation.python.3.11_3.11.2544.0_x64__qbz5n2kfra8p0\lib\site-packages (from tensorflow-intel==2.17.0->tensorflow) (65.5.0)
Requirement already satisfied: six>=1.12.0 in c:\users\dinorang\appdata\local\packages\pythonsoftwarefoundation.python.3.11_qbz5n2kfra8p0\localcache\local-packages\python311\site-packages (from tensorflow-intel==2.17.0->tensorflow) (1.16.0)
Requirement already satisfied: termcolor>=1.1.0 in c:\users\dinorang\appdata\local\packages\pythonsoftwarefoundation.python.3.11_qbz5n2kfra8p0\localcache\local-packages\python311\site-packages (from tensorflow-intel==2.17.0->tensorflow) (2.5.0)
Requirement already satisfied: typing-extensions>=3.6.6 in c:\users\dinorang\appdata\local\packages\pythonsoftwarefoundation.python.3.11_qbz5n2kfra8p0\localcache\local-packages\python311\site-packages (from tensorflow-intel==2.17.0->tensorflow) (4.12.2)
Requirement already satisfied: wrapt>=1.11.0 in c:\users\dinorang\appdata\local\packages\pythonsoftwarefoundation.python.3.11_qbz5n2kfra8p0\localcache\local-packages\python311\site-packages (from tensorflow-intel==2.17.0->tensorflow) (1.16.0)
Requirement already satisfied: grpcio<2.0,>=1.24.3 in c:\users\dinorang\appdata\local\packages\pythonsoftwarefoundation.python.3.11_qbz5n2kfra8p0\localcache\local-packages\python311\site-packages (from tensorflow-intel==2.17.0->tensorflow) (1.67.0)
Requirement already satisfied: tensorboard<2.18,>=2.17 in c:\users\dinorang\appdata\local\packages\pythonsoftwarefoundation.python.3.11_qbz5n2kfra8p0\localcache\local-packages\python311\site-packages (from tensorflow-intel==2.17.0->tensorflow) (2.17.1)
Requirement already satisfied: keras>=3.2.0 in c:\users\dinorang\appdata\local\packages\pythonsoftwarefoundation.python.3.11_qbz5n2kfra8p0\localcache\local-packages\python311\site-packages (from tensorflow-intel==2.17.0->tensorflow) (3.6.0)
Requirement already satisfied: tensorflow-io-gcs-filesystem>=0.23.1 in c:\users\dinorang\appdata\local\packages\pythonsoftwarefoundation.python.3.11_qbz5n2kfra8p0\localcache\local-packages\python311\site-packages (from tensorflow-intel==2.17.0->tensorflow) (0.31.0)
Requirement already satisfied: numpy<2.0.0,>=1.23.5 in c:\users\dinorang\appdata\local\packages\pythonsoftwarefoundation.python.3.11_qbz5n2kfra8p0\localcache\local-packages\python311\site-packages (from tensorflow-intel==2.17.0->tensorflow) (1.26.4)
Requirement already satisfied: wheel<1.0,>=0.23.0 in c:\users\dinorang\appdata\local\packages\pythonsoftwarefoundation.python.3.11_qbz5n2kfra8p0\localcache\local-packages\python311\site-packages (from astunparse>=1.6.0->tensorflow-intel==2.17.0->tensorflow) (0.44.0)
Requirement already satisfied: rich in c:\users\dinorang\appdata\local\packages\pythonsoftwarefoundation.python.3.11_qbz5n2kfra8p0\localcache\local-packages\python311\site-packages (from keras>=3.2.0->tensorflow-intel==2.17.0->tensorflow) (13.9.2)
Requirement already satisfied: namex in c:\users\dinorang\appdata\local\packages\pythonsoftwarefoundation.python.3.11_qbz5n2kfra8p0\localcache\local-packages\python311\site-packages (from keras>=3.2.0->tensorflow-intel==2.17.0->tensorflow) (0.0.8)
Requirement already satisfied: optree in c:\users\dinorang\appdata\local\packages\pythonsoftwarefoundation.python.3.11_qbz5n2kfra8p0\localcache\local-packages\python311\site-packages (from keras>=3.2.0->tensorflow-intel==2.17.0->tensorflow) (0.13.0)
Requirement already satisfied: charset-normalizer<4,>=2 in c:\users\dinorang\appdata\local\packages\pythonsoftwarefoundation.python.3.11_qbz5n2kfra8p0\localcache\local-packages\python311\site-packages (from requests<3,>=2.21.0->tensorflow-intel==2.17.0->tensorflow) (3.4.0)
Requirement already satisfied: idna<4,>=2.5 in c:\users\dinorang\appdata\local\packages\pythonsoftwarefoundation.python.3.11_qbz5n2kfra8p0\localcache\local-packages\python311\site-packages (from requests<3,>=2.21.0->tensorflow-intel==2.17.0->tensorflow) (3.10)
Requirement already satisfied: urllib3<3,>=1.21.1 in c:\users\dinorang\appdata\local\packages\pythonsoftwarefoundation.python.3.11_qbz5n2kfra8p0\localcache\local-packages\python311\site-packages (from requests<3,>=2.21.0->tensorflow-intel==2.17.0->tensorflow) (2.2.3)
Requirement already satisfied: certifi>=2017.4.17 in c:\users\dinorang\appdata\local\packages\pythonsoftwarefoundation.python.3.11_qbz5n2kfra8p0\localcache\local-packages\python311\site-packages (from requests<3,>=2.21.0->tensorflow-intel==2.17.0->tensorflow) (2024.8.30)
Requirement already satisfied: markdown>=2.6.8 in c:\users\dinorang\appdata\local\packages\pythonsoftwarefoundation.python.3.11_qbz5n2kfra8p0\localcache\local-packages\python311\site-packages (from tensorboard<2.18,>=2.17->tensorflow-intel==2.17.0->tensorflow) (3.7)
Requirement already satisfied: tensorboard-data-server<0.8.0,>=0.7.0 in c:\users\dinorang\appdata\local\packages\pythonsoftwarefoundation.python.3.11_qbz5n2kfra8p0\localcache\local-packages\python311\site-packages (from tensorboard<2.18,>=2.17->tensorflow-intel==2.17.0->tensorflow) (0.7.2)
Requirement already satisfied: werkzeug>=1.0.1 in c:\users\dinorang\appdata\local\packages\pythonsoftwarefoundation.python.3.11_qbz5n2kfra8p0\localcache\local-packages\python311\site-packages (from tensorboard<2.18,>=2.17->tensorflow-intel==2.17.0->tensorflow) (3.0.4)
Requirement already satisfied: MarkupSafe>=2.1.1 in c:\users\dinorang\appdata\local\packages\pythonsoftwarefoundation.python.3.11_qbz5n2kfra8p0\localcache\local-packages\python311\site-packages (from werkzeug>=1.0.1->tensorboard<2.18,>=2.17->tensorflow-intel==2.17.0->tensorflow) (3.0.1)
Requirement already satisfied: markdown-it-py>=2.2.0 in c:\users\dinorang\appdata\local\packages\pythonsoftwarefoundation.python.3.11_qbz5n2kfra8p0\localcache\local-packages\python311\site-packages (from rich->keras>=3.2.0->tensorflow-intel==2.17.0->tensorflow) (3.0.0)
Requirement already satisfied: pygments<3.0.0,>=2.13.0 in c:\users\dinorang\appdata\local\packages\pythonsoftwarefoundation.python.3.11_qbz5n2kfra8p0\localcache\local-packages\python311\site-packages (from rich->keras>=3.2.0->tensorflow-intel==2.17.0->tensorflow) (2.18.0)
Requirement already satisfied: mdurl~=0.1 in c:\users\dinorang\appdata\local\packages\pythonsoftwarefoundation.python.3.11_qbz5n2kfra8p0\localcache\local-packages\python311\site-packages (from markdown-it-py>=2.2.0->rich->keras>=3.2.0->tensorflow-intel==2.17.0->tensorflow) (0.1.2)
Using cached tensorflow-2.17.0-cp311-cp311-win_amd64.whl (2.0 kB)
Using cached tensorflow_intel-2.17.0-cp311-cp311-win_amd64.whl (385.0 MB)
Installing collected packages: tensorflow-intel, tensorflow
Successfully installed tensorflow-2.17.0 tensorflow-intel-2.17.0

2024-10-19 20:49:47,338 - INFO - TensorFlow installed successfully: version 2.17.0
2024-10-19 20:49:47,339 - INFO - Installing additional dependencies (numpy, pandas, matplotlib)...
2024-10-19 20:49:47,339 - INFO - Running command: pip install numpy pandas matplotlib
2024-10-19 20:50:26,382 - INFO - Requirement already satisfied: numpy in c:\users\dinorang\appdata\local\packages\pythonsoftwarefoundation.python.3.11_qbz5n2kfra8p0\localcache\local-packages\python311\site-packages (1.26.4)
Collecting pandas
  Using cached pandas-2.2.3-cp311-cp311-win_amd64.whl.metadata (19 kB)
Collecting matplotlib
  Using cached matplotlib-3.9.2-cp311-cp311-win_amd64.whl.metadata (11 kB)
Requirement already satisfied: python-dateutil>=2.8.2 in c:\users\dinorang\appdata\local\packages\pythonsoftwarefoundation.python.3.11_qbz5n2kfra8p0\localcache\local-packages\python311\site-packages (from pandas) (2.9.0.post0)
Collecting pytz>=2020.1 (from pandas)
  Using cached pytz-2024.2-py2.py3-none-any.whl.metadata (22 kB)
Collecting tzdata>=2022.7 (from pandas)
  Using cached tzdata-2024.2-py2.py3-none-any.whl.metadata (1.4 kB)
Collecting contourpy>=1.0.1 (from matplotlib)
  Using cached contourpy-1.3.0-cp311-cp311-win_amd64.whl.metadata (5.4 kB)
Collecting cycler>=0.10 (from matplotlib)
  Using cached cycler-0.12.1-py3-none-any.whl.metadata (3.8 kB)
Collecting fonttools>=4.22.0 (from matplotlib)
  Using cached fonttools-4.54.1-cp311-cp311-win_amd64.whl.metadata (167 kB)
Collecting kiwisolver>=1.3.1 (from matplotlib)
  Using cached kiwisolver-1.4.7-cp311-cp311-win_amd64.whl.metadata (6.4 kB)
Requirement already satisfied: packaging>=20.0 in c:\users\dinorang\appdata\local\packages\pythonsoftwarefoundation.python.3.11_qbz5n2kfra8p0\localcache\local-packages\python311\site-packages (from matplotlib) (24.1)
Collecting pillow>=8 (from matplotlib)
  Using cached pillow-11.0.0-cp311-cp311-win_amd64.whl.metadata (9.3 kB)
Collecting pyparsing>=2.3.1 (from matplotlib)
  Using cached pyparsing-3.2.0-py3-none-any.whl.metadata (5.0 kB)
Requirement already satisfied: six>=1.5 in c:\users\dinorang\appdata\local\packages\pythonsoftwarefoundation.python.3.11_qbz5n2kfra8p0\localcache\local-packages\python311\site-packages (from python-dateutil>=2.8.2->pandas) (1.16.0)
Using cached pandas-2.2.3-cp311-cp311-win_amd64.whl (11.6 MB)
Using cached matplotlib-3.9.2-cp311-cp311-win_amd64.whl (7.8 MB)
Using cached contourpy-1.3.0-cp311-cp311-win_amd64.whl (217 kB)
Using cached cycler-0.12.1-py3-none-any.whl (8.3 kB)
Using cached fonttools-4.54.1-cp311-cp311-win_amd64.whl (2.2 MB)
Using cached kiwisolver-1.4.7-cp311-cp311-win_amd64.whl (56 kB)
Using cached pillow-11.0.0-cp311-cp311-win_amd64.whl (2.6 MB)
Using cached pyparsing-3.2.0-py3-none-any.whl (106 kB)
Using cached pytz-2024.2-py2.py3-none-any.whl (508 kB)
Using cached tzdata-2024.2-py2.py3-none-any.whl (346 kB)
Installing collected packages: pytz, tzdata, pyparsing, pillow, kiwisolver, fonttools, cycler, contourpy, pandas, matplotlib
Successfully installed contourpy-1.3.0 cycler-0.12.1 fonttools-4.54.1 kiwisolver-1.4.7 matplotlib-3.9.2 pandas-2.2.3 pillow-11.0.0 pyparsing-3.2.0 pytz-2024.2 tzdata-2024.2

2024-10-19 20:50:26,382 - INFO - Checking for potential PATH issues...
2024-10-19 20:50:26,383 - INFO - Adding virtual environment bin path to PATH: tensorflow-env\bin
2024-10-19 20:50:26,383 - INFO - TensorFlow setup process completed successfully.
